<?xml version="1.0" encoding="UTF-8"?>
<!-- Generated by org.testng.reporters.JUnitXMLReporter -->
<testsuite hostname="Naresh" name="Selenium_Project" tests="4" failures="0" timestamp="1 Apr 2022 10:28:45 GMT" time="0.024" errors="0">
  <testcase name="verifylogin" time="0.001" classname="com.testng.examples.BeforeAfterClassTest"/>
  <testcase name="searchProduct" time="0.0" classname="com.testng.examples.BeforeAfterClassTest"/>
  <testcase name="verifyStock" time="0.001" classname="com.testng.examples.BeforeAfterClassTest"/>
  <testcase name="addtoCart" time="0.0" classname="com.testng.examples.BeforeAfterClassTest"/>
</testsuite> <!-- Selenium_Project -->
